Connecting to database specified by database.yml
Connecting to database specified by database.yml
Compiled jquery.js  (81ms)  (pid 8996)
Compiled jquery_ujs.js  (2ms)  (pid 8996)
Compiled jquery-ui.js  (22ms)  (pid 8996)
Compiled foundation/foundation.js  (2ms)  (pid 8996)
Compiled foundation/foundation.alerts.js  (2ms)  (pid 8996)
Compiled foundation/foundation.clearing.js  (2ms)  (pid 8996)
Compiled foundation/foundation.cookie.js  (2ms)  (pid 8996)
Compiled foundation/foundation.dropdown.js  (1ms)  (pid 8996)
Compiled foundation/foundation.forms.js  (3ms)  (pid 8996)
Compiled foundation/foundation.joyride.js  (2ms)  (pid 8996)
Compiled foundation/foundation.magellan.js  (2ms)  (pid 8996)
Compiled foundation/foundation.orbit.js  (1ms)  (pid 8996)
Compiled foundation/foundation.placeholder.js  (3ms)  (pid 8996)
Compiled foundation/foundation.reveal.js  (0ms)  (pid 8996)
Compiled foundation/foundation.section.js  (1ms)  (pid 8996)
Compiled foundation/foundation.tooltips.js  (2ms)  (pid 8996)
Compiled foundation/foundation.topbar.js  (2ms)  (pid 8996)
Compiled foundation/index.js  (683ms)  (pid 8996)
Compiled application.js  (1306ms)  (pid 8996)
Compiled font-face-definitions.css  (89ms)  (pid 8996)
Compiled foundation_and_overrides.css  (4038ms)  (pid 8996)
Compiled screen.css  (489ms)  (pid 8996)
Compiled navigation.css  (117ms)  (pid 8996)
Compiled pages.css  (432ms)  (pid 8996)
Compiled forms.css  (682ms)  (pid 8996)
Compiled footer.css  (119ms)  (pid 8996)
Compiled application.css  (6207ms)  (pid 8996)
Compiled doorkeeper/application.js  (7ms)  (pid 8996)
Compiled doorkeeper/bootstrap.min.css  (2ms)  (pid 8996)
Compiled doorkeeper/form.css  (1ms)  (pid 8996)
Compiled doorkeeper/application.css  (95ms)  (pid 8996)
Compiled vendor/custom.modernizr.js  (0ms)  (pid 8996)
Compiled vendor/zepto.js  (110ms)  (pid 8996)
Connecting to database specified by database.yml
Compiled jquery.js  (7ms)  (pid 2056)
Compiled jquery_ujs.js  (2ms)  (pid 2056)
Compiled jquery-ui.js  (84ms)  (pid 2056)
Compiled foundation/foundation.js  (1ms)  (pid 2056)
Compiled foundation/foundation.alerts.js  (1ms)  (pid 2056)
Compiled foundation/foundation.clearing.js  (2ms)  (pid 2056)
Compiled foundation/foundation.cookie.js  (2ms)  (pid 2056)
Compiled foundation/foundation.dropdown.js  (1ms)  (pid 2056)
Compiled foundation/foundation.forms.js  (2ms)  (pid 2056)
Compiled foundation/foundation.joyride.js  (3ms)  (pid 2056)
Compiled foundation/foundation.magellan.js  (0ms)  (pid 2056)
Compiled foundation/foundation.orbit.js  (2ms)  (pid 2056)
Compiled foundation/foundation.placeholder.js  (2ms)  (pid 2056)
Compiled foundation/foundation.reveal.js  (0ms)  (pid 2056)
Compiled foundation/foundation.section.js  (0ms)  (pid 2056)
Compiled foundation/foundation.tooltips.js  (2ms)  (pid 2056)
Compiled foundation/foundation.topbar.js  (1ms)  (pid 2056)
Compiled foundation/index.js  (540ms)  (pid 2056)
Compiled application.js  (863ms)  (pid 2056)
